[2018-08-24 21:43:10,006] ERROR {org.ballerinalang.launcher.Main} - Do you mean to run the ballerina package as a project? If so run ballerina init to make it a project with a .ballerina directory 
org.ballerinalang.util.exceptions.BallerinaException: Do you mean to run the ballerina package as a project? If so run ballerina init to make it a project with a .ballerina directory
	at org.ballerinalang.launcher.LauncherUtils.runProgram(LauncherUtils.java:90)
	at org.ballerinalang.launcher.Main$RunCmd.execute(Main.java:256)
	at java.util.Optional.ifPresent(Optional.java:159)
	at org.ballerinalang.launcher.Main.main(Main.java:66)
 
[2018-08-24 21:43:54,784] ERROR {org.ballerinalang.launcher.Main} - Do you mean to run the ballerina package as a project? If so run ballerina init to make it a project with a .ballerina directory 
org.ballerinalang.util.exceptions.BallerinaException: Do you mean to run the ballerina package as a project? If so run ballerina init to make it a project with a .ballerina directory
	at org.ballerinalang.launcher.LauncherUtils.runProgram(LauncherUtils.java:90)
	at org.ballerinalang.launcher.Main$RunCmd.execute(Main.java:256)
	at java.util.Optional.ifPresent(Optional.java:159)
	at org.ballerinalang.launcher.Main.main(Main.java:66)
 
[2018-08-24 21:44:19,040] ERROR {org.ballerinalang.launcher.Main} - Do you mean to run the ballerina package as a project? If so run ballerina init to make it a project with a .ballerina directory 
org.ballerinalang.util.exceptions.BallerinaException: Do you mean to run the ballerina package as a project? If so run ballerina init to make it a project with a .ballerina directory
	at org.ballerinalang.launcher.LauncherUtils.runProgram(LauncherUtils.java:90)
	at org.ballerinalang.launcher.Main$RunCmd.execute(Main.java:256)
	at java.util.Optional.ifPresent(Optional.java:159)
	at org.ballerinalang.launcher.Main.main(Main.java:66)
 
[2018-08-24 21:44:44,962] ERROR {org.ballerinalang.launcher.Main} - Do you mean to run the ballerina package as a project? If so run ballerina init to make it a project with a .ballerina directory 
org.ballerinalang.util.exceptions.BallerinaException: Do you mean to run the ballerina package as a project? If so run ballerina init to make it a project with a .ballerina directory
	at org.ballerinalang.launcher.LauncherUtils.runProgram(LauncherUtils.java:90)
	at org.ballerinalang.launcher.Main$RunCmd.execute(Main.java:256)
	at java.util.Optional.ifPresent(Optional.java:159)
	at org.ballerinalang.launcher.Main.main(Main.java:66)
 
